<mule xmlns="http://www.mulesoft.org/schema/mule/core"
      xmlns:xsi="http://www.w3.org/2001/XMLSchema-instance"
      xmlns:contact-validator="http://www.mulesoft.org/schema/mule/contact-validator"
      xsi:schemaLocation="http://www.mulesoft.org/schema/mule/core http://www.mulesoft.org/schema/mule/core/current/mule.xsd
          http://www.mulesoft.org/schema/mule/contact-validator http://www.mulesoft.org/schema/mule/contact-validator/current/mule-contact-validator.xsd">



    <flow name="is-string-a-number-flow">


        <contact-validator:is-string-a-number message="Test for success" expression="1234" />
        <contact-validator:is-string-a-number message="Test for fail" expression="sdfsdfsdsdf   " />

    </flow>



</mule>
